SF:lib/src/crypto/payments/input_selection.dart
DA:11,2
DA:15,2
DA:16,2
DA:17,2
DA:20,2
DA:21,5
DA:22,2
DA:23,0
DA:27,4
DA:28,2
DA:31,2
DA:32,4
DA:37,1
DA:42,5
DA:44,1
DA:45,1
DA:47,2
DA:48,1
DA:49,2
DA:51,1
DA:56,1
DA:57,0
LF:22
LH:20
end_of_record
SF:lib/src/domain/entities/transactions/utxo_transaction.dart
DA:22,3
DA:38,2
DA:53,2
DA:54,2
DA:55,2
DA:56,2
DA:57,2
DA:58,2
DA:59,0
DA:60,2
DA:61,2
DA:62,2
DA:63,2
DA:64,2
DA:65,2
DA:66,2
DA:70,3
DA:75,3
DA:76,3
DA:77,9
DA:78,3
DA:80,3
DA:81,9
DA:82,3
DA:84,3
DA:86,6
DA:88,3
DA:90,3
DA:92,3
DA:95,3
DA:97,3
DA:98,6
DA:99,12
DA:100,9
DA:102,3
DA:104,12
DA:107,6
DA:112,3
DA:119,0
DA:121,0
DA:132,3
DA:140,3
DA:142,3
DA:148,3
DA:150,6
DA:154,3
DA:155,2
DA:156,2
DA:158,3
DA:161,3
DA:162,3
DA:163,3
DA:172,3
DA:174,3
DA:175,3
DA:176,3
DA:177,3
DA:181,0
DA:182,0
DA:183,0
DA:199,4
DA:211,3
DA:212,3
DA:214,6
DA:215,9
DA:217,3
DA:219,3
DA:222,3
DA:223,3
DA:228,3
DA:230,6
DA:236,3
DA:241,3
DA:242,3
DA:243,3
DA:244,3
DA:245,3
DA:246,2
DA:247,3
DA:259,4
DA:267,3
DA:269,9
DA:271,3
DA:273,3
DA:274,3
DA:275,3
DA:276,3
DA:280,2
DA:281,6
DA:286,3
DA:287,5
LF:91
LH:85
end_of_record
SF:lib/src/utils/int.dart
DA:4,1
DA:5,2
DA:8,4
DA:9,4
DA:12,0
DA:13,0
LF:6
LH:4
end_of_record
SF:lib/src/crypto/send.dart
DA:31,1
DA:40,1
DA:41,0
DA:44,2
DA:46,2
DA:47,0
DA:49,1
DA:50,0
DA:51,0
DA:54,1
DA:56,1
DA:63,1
DA:64,2
DA:68,3
DA:70,3
DA:72,1
DA:74,1
DA:76,1
DA:82,1
DA:83,1
DA:84,2
DA:86,1
DA:89,1
DA:90,1
DA:92,2
DA:96,1
DA:103,1
DA:108,2
DA:109,1
DA:110,2
DA:111,2
DA:113,2
DA:115,1
DA:126,1
DA:129,2
DA:132,1
DA:138,1
DA:140,4
DA:141,2
DA:143,1
DA:145,2
DA:146,4
DA:151,2
DA:157,4
DA:158,4
DA:159,2
DA:161,6
DA:162,4
DA:163,2
DA:164,2
DA:165,4
DA:168,0
DA:171,2
DA:178,4
DA:180,2
DA:182,4
DA:184,2
DA:186,2
DA:188,4
DA:190,4
DA:192,2
DA:195,2
DA:199,4
DA:200,6
DA:202,4
DA:203,4
DA:206,2
DA:207,4
DA:209,2
DA:210,2
DA:219,2
DA:223,2
DA:224,2
DA:226,4
DA:227,2
DA:228,2
DA:230,2
DA:232,4
DA:234,4
DA:240,2
DA:246,2
DA:247,2
DA:248,2
DA:251,2
DA:256,2
DA:257,2
DA:258,6
DA:261,2
DA:263,2
DA:270,2
DA:274,4
DA:278,2
DA:279,4
DA:281,2
DA:287,1
DA:291,1
DA:292,1
DA:293,3
DA:295,1
DA:299,1
DA:300,1
DA:306,2
DA:311,2
DA:313,0
DA:317,2
DA:323,6
DA:324,2
DA:325,4
DA:326,4
DA:329,4
DA:330,2
DA:339,2
DA:342,8
DA:343,14
DA:347,4
DA:348,6
DA:350,8
DA:352,6
DA:353,6
DA:355,2
DA:356,4
DA:358,2
DA:360,2
DA:362,4
DA:367,2
DA:374,2
DA:377,2
DA:378,0
DA:380,4
DA:381,2
DA:382,4
DA:383,2
DA:385,0
DA:387,0
DA:388,0
DA:389,0
DA:390,0
DA:391,0
DA:393,0
DA:396,0
DA:397,0
DA:398,0
DA:399,0
DA:404,2
LF:144
LH:126
end_of_record
SF:lib/src/crypto/derivation.dart
DA:12,0
DA:14,0
DA:15,0
DA:16,0
DA:19,4
DA:25,0
DA:31,0
DA:32,0
DA:34,0
DA:37,0
DA:40,4
DA:45,4
DA:46,4
DA:50,4
DA:58,8
DA:60,4
DA:61,0
DA:63,4
DA:64,4
DA:65,0
DA:68,4
DA:72,4
DA:75,4
DA:77,2
DA:79,2
DA:80,2
DA:83,4
DA:85,4
DA:87,4
DA:89,4
DA:91,4
LF:31
LH:20
end_of_record
SF:lib/src/crypto/payments/p2h.dart
DA:15,5
DA:17,20
DA:19,5
DA:20,10
DA:21,10
DA:22,10
DA:23,4
DA:26,6
DA:27,6
DA:28,2
DA:29,3
DA:32,2
DA:33,1
DA:36,0
DA:43,4
DA:44,12
DA:45,4
DA:49,4
DA:51,4
DA:58,3
DA:59,6
DA:60,3
DA:62,3
DA:66,3
DA:72,6
DA:74,3
DA:81,1
DA:83,2
DA:84,1
DA:85,1
DA:88,1
DA:90,2
DA:97,3
DA:101,3
DA:106,12
DA:107,3
DA:108,6
DA:109,12
DA:111,6
DA:112,6
DA:118,8
DA:119,2
DA:120,4
DA:121,8
DA:123,4
DA:124,4
DA:130,4
DA:131,2
DA:132,4
DA:133,2
DA:135,4
DA:136,2
DA:138,2
DA:139,2
DA:143,0
DA:149,3
DA:153,6
DA:158,3
DA:159,6
DA:160,4
DA:162,9
DA:163,3
DA:165,0
DA:167,3
DA:168,6
DA:169,0
DA:171,3
DA:177,2
DA:178,2
DA:180,2
DA:182,4
DA:183,0
DA:186,2
DA:189,0
LF:74
LH:68
end_of_record
SF:lib/src/crypto/pubkey_to_address.dart
DA:11,5
DA:16,10
DA:17,5
DA:20,5
DA:25,5
DA:27,5
DA:28,4
DA:30,4
DA:31,4
DA:33,5
DA:34,1
DA:36,1
DA:39,4
DA:41,4
DA:49,4
DA:50,12
DA:52,4
DA:58,4
DA:63,4
DA:65,12
DA:67,4
DA:70,4
DA:72,0
DA:75,4
DA:81,3
DA:82,9
DA:84,6
DA:86,3
DA:87,6
DA:90,3
DA:96,5
DA:97,5
DA:98,5
DA:99,10
DA:105,4
DA:106,4
DA:107,8
DA:113,4
DA:114,4
DA:115,4
LF:40
LH:39
end_of_record
SF:lib/src/crypto/utxo_analyzer.dart
DA:12,2
DA:18,2
DA:19,4
DA:20,2
DA:21,2
DA:23,2
DA:25,2
DA:29,0
DA:30,0
DA:34,2
DA:36,2
DA:38,2
DA:41,2
DA:43,2
DA:44,8
DA:45,2
DA:47,2
DA:48,6
DA:55,10
DA:56,2
DA:62,2
DA:63,4
DA:66,2
DA:68,6
DA:70,2
DA:71,2
DA:72,6
DA:75,4
DA:83,2
DA:86,2
DA:87,4
DA:88,4
DA:89,8
DA:90,2
DA:100,0
DA:102,0
DA:103,0
DA:104,0
DA:105,0
DA:108,1
DA:111,1
DA:112,2
DA:113,2
DA:114,4
DA:115,2
DA:122,1
DA:125,1
DA:126,2
DA:127,2
DA:128,2
DA:130,2
DA:136,3
DA:141,6
DA:142,6
DA:143,3
DA:144,3
DA:151,3
DA:156,3
DA:157,6
DA:158,3
DA:160,12
DA:162,3
DA:163,3
DA:172,3
DA:176,3
DA:177,6
DA:178,3
DA:179,3
DA:180,6
DA:182,3
DA:183,4
DA:189,3
DA:194,3
DA:195,3
DA:198,3
DA:205,3
DA:207,15
DA:208,3
DA:212,3
DA:213,6
DA:214,3
DA:215,6
LF:82
LH:75
end_of_record
SF:lib/src/crypto/utxo_network_type.dart
DA:32,11
DA:45,0
DA:47,0
DA:67,11
DA:80,4
DA:81,4
DA:82,4
DA:83,4
DA:84,4
DA:85,4
DA:99,11
LF:11
LH:9
end_of_record
SF:lib/src/crypto/utxo_receive_addresses.dart
DA:4,1
DA:8,2
DA:9,1
DA:11,1
DA:12,7
DA:18,0
LF:6
LH:5
end_of_record
SF:lib/src/domain/constants.dart
DA:27,6
DA:28,3
DA:29,9
DA:30,6
DA:31,6
DA:32,6
DA:207,12
DA:209,3
LF:8
LH:8
end_of_record
SF:lib/src/domain/entities/transactions/input.dart
DA:16,2
DA:24,0
DA:26,0
DA:28,0
DA:30,2
DA:37,2
DA:38,2
DA:39,2
DA:40,2
DA:41,2
DA:42,0
DA:46,2
DA:47,2
DA:49,6
DA:51,2
DA:52,6
DA:53,2
DA:54,6
DA:55,2
DA:61,6
DA:64,8
DA:67,6
DA:70,8
DA:75,0
DA:77,0
DA:78,0
LF:26
LH:19
end_of_record
SF:lib/src/domain/entities/transactions/output.dart
DA:12,6
DA:14,2
DA:19,0
DA:21,2
DA:22,10
DA:27,8
DA:30,6
DA:35,0
DA:37,0
DA:38,0
DA:41,0
DA:43,0
LF:12
LH:6
end_of_record
SF:lib/src/domain/entities/transactions/raw_transaction.dart
DA:17,2
DA:24,2
DA:30,2
DA:31,2
DA:32,2
DA:33,2
DA:34,2
DA:41,2
DA:42,8
DA:44,2
DA:46,6
DA:49,8
DA:51,2
DA:53,6
DA:56,2
DA:57,2
DA:58,2
DA:59,2
DA:60,2
DA:63,2
DA:68,8
DA:72,10
DA:73,4
DA:74,6
DA:79,10
DA:80,4
DA:81,6
DA:86,8
DA:91,2
DA:97,8
DA:98,2
DA:100,6
DA:106,8
DA:108,4
DA:109,6
DA:110,8
DA:113,4
DA:115,2
DA:117,2
DA:119,8
DA:121,4
DA:122,8
DA:124,2
DA:126,2
DA:130,2
DA:133,4
DA:134,10
DA:135,6
DA:138,2
DA:139,2
DA:142,4
DA:143,6
DA:146,8
DA:147,4
DA:148,4
DA:149,6
DA:150,8
DA:151,4
DA:152,10
DA:153,8
DA:154,4
DA:155,8
DA:156,6
DA:158,2
DA:163,2
DA:164,4
DA:167,3
DA:169,2
DA:170,4
DA:171,2
DA:172,6
DA:177,2
DA:178,8
DA:181,2
DA:183,2
DA:185,0
DA:187,0
LF:77
LH:75
end_of_record
SF:lib/src/domain/entities/transactions/transfer_intent.dart
DA:11,2
LF:1
LH:1
end_of_record
SF:lib/src/domain/exceptions.dart
DA:2,11
DA:6,5
DA:8,0
DA:10,0
DA:17,5
DA:23,5
DA:25,0
DA:27,0
DA:34,0
DA:36,0
DA:38,0
LF:11
LH:4
end_of_record
SF:lib/src/domain/repository/endpoint_utils.dart
DA:10,3
DA:23,3
DA:30,3
DA:32,7
DA:34,1
DA:35,1
DA:38,6
DA:39,0
DA:40,0
DA:44,3
DA:45,12
DA:48,3
DA:51,3
DA:57,6
DA:58,3
DA:59,3
DA:63,3
DA:64,3
DA:65,2
DA:66,4
DA:71,3
DA:72,9
DA:73,12
DA:76,3
DA:77,15
DA:78,3
DA:79,15
DA:81,15
DA:84,3
DA:89,6
DA:90,3
DA:95,3
DA:96,3
DA:97,3
DA:102,12
DA:105,2
DA:109,4
DA:110,2
DA:111,2
DA:114,2
DA:116,0
DA:117,0
DA:122,2
DA:123,2
DA:126,8
DA:130,8
DA:131,8
DA:135,8
DA:136,8
DA:137,8
DA:140,3
DA:145,3
DA:147,6
DA:148,3
DA:153,3
DA:154,3
DA:161,5
DA:169,5
DA:170,4
DA:173,5
DA:174,0
DA:175,0
DA:178,0
DA:181,10
DA:183,10
DA:184,5
DA:190,10
DA:193,1
DA:194,3
DA:197,0
DA:198,0
LF:71
LH:62
end_of_record
SF:lib/src/services/logger.dart
DA:11,3
DA:12,3
DA:13,6
DA:14,3
DA:18,4
DA:19,4
DA:20,12
DA:21,4
DA:25,3
DA:34,3
DA:35,12
DA:36,3
DA:38,3
DA:43,3
DA:44,3
DA:45,9
DA:46,3
DA:50,7
DA:54,1
DA:57,7
DA:58,7
LF:21
LH:21
end_of_record
SF:lib/src/utils/der.dart
DA:3,12
DA:5,3
DA:7,6
DA:13,6
DA:14,6
DA:16,3
DA:18,9
DA:21,3
DA:22,3
DA:23,3
DA:24,3
DA:25,3
DA:26,3
DA:27,3
DA:28,9
DA:29,9
DA:30,18
DA:31,0
DA:33,9
DA:34,0
DA:37,9
DA:40,3
DA:41,9
DA:42,3
DA:43,6
DA:44,6
DA:45,6
DA:46,9
DA:47,12
DA:51,3
DA:53,6
DA:54,0
DA:56,6
DA:57,3
DA:58,6
DA:59,3
DA:60,12
LF:37
LH:34
end_of_record
SF:lib/src/utils/extensions.dart
DA:10,0
DA:14,5
DA:15,5
DA:16,5
DA:17,5
DA:18,3
DA:19,0
DA:24,0
DA:26,0
DA:27,0
DA:28,0
DA:30,0
DA:37,0
DA:38,0
DA:40,0
DA:42,0
DA:45,10
DA:47,16
DA:51,15
LF:19
LH:8
end_of_record
SF:lib/src/utils/var_uint.dart
DA:4,2
DA:5,2
DA:9,2
DA:10,2
DA:14,0
DA:15,0
DA:19,0
DA:20,0
DA:24,2
DA:25,2
DA:26,2
DA:29,0
DA:30,0
DA:31,0
DA:34,0
DA:35,0
DA:36,0
DA:40,0
DA:41,0
DA:47,6
DA:49,2
DA:50,6
DA:51,2
DA:54,2
DA:56,8
DA:57,6
LF:26
LH:14
end_of_record
SF:lib/src/domain/entities/asset/token_entity.dart
DA:11,11
DA:17,0
DA:18,0
DA:21,0
DA:22,0
DA:25,3
DA:27,8
DA:28,24
DA:32,11
DA:44,11
DA:53,0
DA:54,0
DA:56,0
DA:60,0
DA:61,0
DA:62,0
DA:63,0
DA:64,0
LF:18
LH:6
end_of_record
SF:lib/src/domain/entities/fee.dart
DA:11,0
DA:15,0
DA:16,0
LF:3
LH:0
end_of_record
SF:lib/src/domain/entities/transactions/amount.dart
DA:7,3
DA:12,0
DA:15,0
DA:17,0
DA:19,0
DA:20,0
DA:28,0
DA:34,0
DA:35,0
DA:36,0
DA:40,0
DA:41,0
LF:12
LH:1
end_of_record
SF:lib/src/crypto/base58.dart
DA:5,12
DA:7,3
DA:9,18
DA:10,3
DA:12,6
DA:13,9
DA:14,6
DA:15,6
DA:18,6
DA:19,9
DA:22,12
DA:23,0
DA:26,12
LF:13
LH:12
end_of_record
SF:lib/src/crypto/op_codes.dart
DA:142,0
DA:144,5
DA:146,5
DA:148,8
LF:4
LH:3
end_of_record
SF:lib/src/domain/entities/transactions/generic_transaction.dart
DA:23,3
DA:36,0
DA:41,0
DA:42,0
DA:43,0
DA:44,0
DA:45,0
DA:46,0
DA:47,0
DA:48,0
DA:49,0
DA:50,0
DA:51,0
DA:52,0
DA:57,3
DA:71,3
DA:73,3
LF:17
LH:4
end_of_record
SF:lib/src/domain/repository/electrum_json_rpc_client.dart
DA:11,8
DA:13,3
DA:14,6
DA:15,6
DA:17,3
DA:18,3
DA:22,3
DA:28,6
DA:29,3
DA:31,3
DA:34,3
DA:35,0
DA:38,3
DA:41,1
DA:45,2
DA:46,1
DA:48,1
DA:52,1
DA:55,4
DA:58,8
DA:59,4
DA:61,4
DA:64,3
DA:66,6
DA:70,2
DA:71,4
DA:72,2
DA:74,2
DA:77,4
DA:81,2
DA:82,4
DA:83,2
DA:85,2
DA:88,4
DA:92,4
DA:93,8
DA:97,9
LF:37
LH:36
end_of_record
SF:lib/src/domain/repository/models/electrum_transaction.dart
DA:5,3
DA:10,3
DA:11,9
DA:14,2
DA:16,2
DA:17,6
DA:18,6
DA:20,3
DA:21,6
LF:9
LH:9
end_of_record
SF:lib/src/domain/entities/asset/staking_nft_entity.dart
DA:14,0
DA:18,0
DA:19,0
DA:21,0
DA:22,0
DA:24,0
DA:25,0
DA:28,0
DA:30,0
DA:31,0
DA:33,0
DA:35,0
DA:36,0
DA:37,0
DA:38,0
DA:40,0
DA:41,0
DA:53,0
DA:65,0
DA:66,0
DA:67,0
DA:68,0
DA:69,0
DA:70,0
DA:71,0
DA:72,0
DA:73,0
LF:27
LH:0
end_of_record
SF:lib/src/domain/repository/json_rpc_client.dart
DA:21,24
DA:29,8
DA:30,24
DA:39,8
DA:44,24
DA:47,8
DA:50,16
DA:56,24
DA:58,16
DA:60,8
DA:64,4
DA:67,8
DA:69,0
DA:76,8
DA:78,16
DA:81,8
DA:82,8
DA:83,32
DA:85,8
DA:86,8
DA:88,3
DA:89,3
DA:90,3
DA:91,12
DA:97,0
DA:99,0
DA:105,8
DA:107,16
DA:108,16
DA:109,8
DA:110,8
DA:113,16
DA:114,8
DA:115,10
DA:117,16
DA:121,24
DA:122,16
DA:125,8
DA:129,0
DA:133,8
DA:139,24
DA:140,8
DA:141,8
DA:142,8
DA:144,8
DA:145,8
DA:147,8
DA:148,5
DA:150,8
DA:151,5
DA:156,16
LF:51
LH:47
end_of_record
SF:lib/src/domain/repository/electrumx_fetch.dart
DA:20,2
DA:29,2
DA:31,2
DA:35,4
DA:37,2
DA:38,2
DA:39,2
DA:40,2
DA:44,2
DA:53,2
DA:65,4
DA:67,6
DA:68,2
DA:69,2
DA:70,4
DA:74,2
DA:75,2
DA:76,2
DA:77,0
DA:78,2
DA:82,8
DA:87,2
DA:97,2
DA:98,6
DA:100,2
DA:101,4
DA:102,4
DA:104,2
DA:105,2
DA:110,10
DA:112,2
DA:113,4
DA:115,2
DA:119,4
DA:121,2
DA:123,4
DA:126,4
DA:127,2
DA:128,8
DA:133,2
DA:135,2
DA:141,4
DA:142,4
DA:144,10
DA:145,2
DA:146,2
DA:147,4
DA:150,6
DA:154,2
DA:155,6
DA:158,2
DA:164,2
DA:175,4
DA:181,2
DA:183,2
DA:185,2
DA:186,2
DA:188,2
DA:189,2
DA:192,2
DA:193,0
DA:197,4
DA:198,2
DA:202,2
DA:208,2
DA:209,4
DA:210,2
DA:211,4
DA:212,8
DA:214,2
DA:215,2
DA:216,2
DA:220,2
DA:224,4
DA:225,2
DA:227,2
DA:228,2
DA:231,2
DA:233,2
DA:234,2
DA:235,2
DA:236,6
DA:242,2
DA:249,4
DA:250,4
DA:253,2
DA:254,8
DA:259,3
DA:268,3
DA:269,6
DA:270,3
DA:281,2
DA:285,2
DA:286,4
DA:287,4
DA:288,2
DA:291,0
DA:293,4
DA:297,2
DA:299,4
LF:100
LH:97
end_of_record
SF:lib/src/domain/repository/etherscan_repository.dart
DA:14,1
DA:16,1
DA:17,2
DA:20,0
DA:21,0
DA:24,0
DA:25,0
DA:29,0
DA:36,0
DA:38,0
DA:42,0
DA:47,0
DA:48,0
DA:51,0
DA:54,0
DA:55,0
DA:56,0
DA:61,0
DA:67,0
DA:73,0
DA:75,0
DA:76,0
DA:78,0
DA:80,0
DA:84,0
DA:86,0
DA:87,0
DA:101,1
DA:105,2
DA:106,1
DA:107,1
DA:108,2
DA:112,0
DA:116,0
DA:118,0
DA:119,0
DA:120,0
DA:121,0
DA:125,0
DA:128,0
DA:129,0
DA:130,0
DA:134,0
DA:135,0
DA:137,0
DA:138,0
DA:139,0
DA:142,0
DA:147,0
DA:148,0
DA:149,0
DA:152,0
DA:153,0
DA:156,0
DA:157,0
DA:158,0
DA:159,0
DA:163,0
DA:166,0
DA:167,0
DA:168,0
DA:171,0
DA:175,0
DA:176,0
DA:177,0
DA:178,0
DA:179,0
DA:182,0
DA:183,0
DA:184,0
DA:185,0
DA:186,0
DA:193,1
DA:202,1
DA:204,0
DA:209,1
DA:210,1
DA:214,3
DA:216,2
DA:217,2
DA:218,2
DA:220,1
DA:222,1
DA:226,0
DA:227,0
DA:230,0
DA:231,0
DA:242,0
DA:244,0
LF:89
LH:18
end_of_record
SF:lib/src/domain/repository/models/erc721_entity.dart
DA:13,0
DA:15,0
DA:26,0
DA:27,0
DA:28,0
DA:29,0
DA:30,0
DA:31,0
DA:32,0
DA:33,0
DA:34,0
DA:35,0
LF:12
LH:0
end_of_record
SF:lib/src/services/http_client.dart
DA:8,1
DA:9,1
LF:2
LH:2
end_of_record
